#
# There is insufficient memory for the Java Runtime Environment to continue.
# Native memory allocation (malloc) failed to allocate 1048576 bytes for AllocateHeap
# Possible reasons:
#   The system is out of physical RAM or swap space
#   In 32 bit mode, the process size limit was hit
# Possible solutions:
#   Reduce memory load on the system
#   Increase physical memory or swap space
#   Check if swap backing store is full
#   Use 64 bit Java on a 64 bit OS
#   Decrease Java heap size (-Xmx/-Xms)
#   Decrease number of Java threads
#   Decrease Java thread stack sizes (-Xss)
#   Set larger code cache with -XX:ReservedCodeCacheSize=
# This output file may be truncated or incomplete.
#
#  Out of Memory Error (memory/allocation.inline.hpp:61), pid=11108, tid=2540
#
# JRE version:  (8.0_60-b27) (build )
# Java VM: Java HotSpot(TM) 64-Bit Server VM (25.60-b23 mixed mode windows-amd64 compressed oops)
# Failed to write core dump. Minidumps are not enabled by default on client versions of Windows
#

---------------  T H R E A D  ---------------

Current thread (0x0000000002a10800):  JavaThread "Unknown thread" [_thread_in_vm, id=2540, stack(0x0000000002910000,0x0000000002a10000)]

Stack: [0x0000000002910000,0x0000000002a10000]
[error occurred during error reporting (printing stack bounds), id 0xc0000005]

Native frames: (J=compiled Java code, j=interpreted, Vv=VM code, C=native code)


---------------  P R O C E S S  ---------------

Java Threads: ( => current thread )

Other Threads:

=>0x0000000002a10800 (exited) JavaThread "Unknown thread" [_thread_in_vm, id=2540, stack(0x0000000002910000,0x0000000002a10000)]

VM state:not at safepoint (normal execution)

VM Mutex/Monitor currently owned by a thread: None

Heap:
 PSYoungGen      total 17920K, used 307K [0x00000000eca00000, 0x00000000ede00000, 0x0000000100000000)
  eden space 15360K, 2% used [0x00000000eca00000,0x00000000eca4ccd8,0x00000000ed900000)
  from space 2560K, 0% used [0x00000000edb80000,0x00000000edb80000,0x00000000ede00000)
  to   space 2560K, 0% used [0x00000000ed900000,0x00000000ed900000,0x00000000edb80000)
 ParOldGen       total 40960K, used 0K [0x00000000c5e00000, 0x00000000c8600000, 0x00000000eca00000)
  object space 40960K, 0% used [0x00000000c5e00000,0x00000000c5e00000,0x00000000c8600000)
 Metaspace       used 743K, capacity 4480K, committed 4480K, reserved 1056768K
  class space    used 75K, capacity 384K, committed 384K, reserved 1048576K

Card table byte_map: [0x0000000011ed0000,0x00000000120b0000] byte_map_base: 0x00000000118a1000

Marking Bits: (ParMarkBitMap*) 0x000000005a86a5b0
 Begin Bits: [0x00000000125f0000, 0x0000000013478000)
 End Bits:   [0x0000000013478000, 0x0000000014300000)

Polling page: 0x0000000000bd0000

CodeCache: size=245760Kb used=328Kb max_used=328Kb free=245431Kb
 bounds [0x0000000002b10000, 0x0000000002d80000, 0x0000000011b10000]
 total_blobs=57 nmethods=0 adapters=37
 compilation: enabled

Compilation events (0 events):
No events

GC Heap History (0 events):
No events

Deoptimization events (0 events):
No events

Internal exceptions (0 events):
No events

Events (10 events):
Event: 0.026 loading class java/lang/Short
Event: 0.026 loading class java/lang/Short done
Event: 0.026 loading class java/lang/Integer
Event: 0.026 loading class java/lang/Integer done
Event: 0.026 loading class java/lang/Long
Event: 0.026 loading class java/lang/Long done
Event: 0.026 loading class java/lang/NullPointerException
Event: 0.027 loading class java/lang/NullPointerException done
Event: 0.027 loading class java/lang/ArithmeticException
Event: 0.027 loading class java/lang/ArithmeticException done


Dynamic libraries:
0x00007ff7baf60000 - 0x00007ff7baf97000 	C:\Program Files\Java\jre1.8.0_60\bin\javaw.exe
0x00007ffde9380000 - 0x00007ffde952c000 	C:\WINDOWS\SYSTEM32\ntdll.dll
0x00007ffde7260000 - 0x00007ffde739e000 	C:\WINDOWS\system32\KERNEL32.DLL
0x00007ffde6890000 - 0x00007ffde69a5000 	C:\WINDOWS\system32\KERNELBASE.dll
0x00007ffde5070000 - 0x00007ffde50fe000 	C:\WINDOWS\system32\apphelp.dll
0x00007ffdd6470000 - 0x00007ffdd64c3000 	C:\WINDOWS\AppPatch\AppPatch64\AcGenral.DLL
0x00007ffde8b70000 - 0x00007ffde8c1a000 	C:\WINDOWS\system32\msvcrt.dll
0x00007ffde62a0000 - 0x00007ffde62ce000 	C:\WINDOWS\SYSTEM32\SspiCli.dll
0x00007ffde8c20000 - 0x00007ffde8c74000 	C:\WINDOWS\system32\SHLWAPI.dll
0x00007ffde9180000 - 0x00007ffde92f7000 	C:\WINDOWS\system32\USER32.dll
0x00007ffde8eb0000 - 0x00007ffde9044000 	C:\WINDOWS\system32\ole32.dll
0x00007ffde73a0000 - 0x00007ffde88cb000 	C:\WINDOWS\system32\SHELL32.dll
0x00007ffde5a70000 - 0x00007ffde5a91000 	C:\WINDOWS\SYSTEM32\USERENV.dll
0x00007ffde8c90000 - 0x00007ffde8d3a000 	C:\WINDOWS\system32\ADVAPI32.dll
0x00007ffddf580000 - 0x00007ffddf59e000 	C:\WINDOWS\SYSTEM32\MPR.dll
0x00007ffde6c40000 - 0x00007ffde6d81000 	C:\WINDOWS\system32\RPCRT4.dll
0x00007ffde71c0000 - 0x00007ffde7219000 	C:\WINDOWS\SYSTEM32\sechost.dll
0x00007ffde6df0000 - 0x00007ffde7001000 	C:\WINDOWS\SYSTEM32\combase.dll
0x00007ffde8d40000 - 0x00007ffde8e8f000 	C:\WINDOWS\system32\GDI32.dll
0x00007ffde64d0000 - 0x00007ffde64e5000 	C:\WINDOWS\SYSTEM32\profapi.dll
0x00007ffde3340000 - 0x00007ffde33f2000 	C:\WINDOWS\SYSTEM32\SHCORE.dll
0x00007ffde7220000 - 0x00007ffde7256000 	C:\WINDOWS\system32\IMM32.DLL
0x00007ffde6ae0000 - 0x00007ffde6c32000 	C:\WINDOWS\system32\MSCTF.dll
0x00007ffde2ab0000 - 0x00007ffde2d2b000 	C:\WINDOWS\WinSxS\amd64_microsoft.windows.common-controls_6595b64144ccf1df_6.0.9600.18006_none_623f33d3ecbe86e8\COMCTL32.dll
0x0000000059c20000 - 0x0000000059cf2000 	C:\Program Files\Java\jre1.8.0_60\bin\msvcr100.dll
0x000000005a060000 - 0x000000005a8e9000 	C:\Program Files\Java\jre1.8.0_60\bin\server\jvm.dll
0x00007ffdde430000 - 0x00007ffdde439000 	C:\WINDOWS\SYSTEM32\WSOCK32.dll
0x00007ffdde4d0000 - 0x00007ffdde4f2000 	C:\WINDOWS\SYSTEM32\WINMM.dll
0x00007ffddeaa0000 - 0x00007ffddeaaa000 	C:\WINDOWS\SYSTEM32\VERSION.dll
0x00007ffde6ad0000 - 0x00007ffde6ad7000 	C:\WINDOWS\system32\PSAPI.DLL
0x00007ffde9320000 - 0x00007ffde937a000 	C:\WINDOWS\system32\WS2_32.dll
0x00007ffdde4a0000 - 0x00007ffdde4ca000 	C:\WINDOWS\SYSTEM32\WINMMBASE.dll
0x00007ffde9310000 - 0x00007ffde9319000 	C:\WINDOWS\system32\NSI.dll
0x00007ffde69b0000 - 0x00007ffde69ff000 	C:\WINDOWS\SYSTEM32\cfgmgr32.dll
0x00007ffde52c0000 - 0x00007ffde52e8000 	C:\WINDOWS\SYSTEM32\DEVOBJ.dll
0x000000005a050000 - 0x000000005a05f000 	C:\Program Files\Java\jre1.8.0_60\bin\verify.dll
0x000000005a020000 - 0x000000005a049000 	C:\Program Files\Java\jre1.8.0_60\bin\java.dll
0x000000005a000000 - 0x000000005a016000 	C:\Program Files\Java\jre1.8.0_60\bin\zip.dll

VM Arguments:
jvm_args: -Dfile.encoding=UTF-8 
java_command: practice.test
java_class_path (initial): C:\Users\S\Documents\GitHub\practice\bin
Launcher Type: SUN_STANDARD

Environment Variables:
JAVA_HOME=C:\Program Files\Java\jdk1.8.0_60
PATH=C:/Program Files/Java/jre1.8.0_60/bin/server;C:/Program Files/Java/jre1.8.0_60/bin;C:/Program Files/Java/jre1.8.0_60/lib/amd64;C:\ProgramData\Oracle\Java\javapath;c:\oracle\product\11.2.0\db_1\bin;C:\Program Files (x86)\Intel\iCLS Client\;C:\Program Files\Intel\iCLS Client\;C:\WINDOWS\system32;C:\WINDOWS;C:\WINDOWS\System32\Wbem;C:\WINDOWS\System32\WindowsPowerShell\v1.0\;C:\Program Files (x86)\Intel\OpenCL SDK\2.0\bin\x86;C:\Program Files (x86)\Intel\OpenCL SDK\2.0\bin\x64;C:\Program Files (x86)\Windows Live\Shared;C:\Program Files\Condusiv Technologies\IntelliMemory\;C:\Program Files\Microsoft SQL Server\110\Tools\Binn\;C:\Program Files\TortoiseSVN\bin;C:\Program Files\Intel\Intel(R) Management Engine Components\DAL;C:\Program Files\Intel\Intel(R) Management Engine Components\IPT;C:\Program Files (x86)\Intel\Intel(R) Management Engine Components\DAL;C:\Program Files (x86)\Intel\Intel(R) Management Engine Components\IPT;C:\Program Files (x86)\QuickTime\QTSystem\;C:\Program Files\Java\jdk1.8.0_60\bin;C:\cygnus\cygwin-b20\H-i586-cygwin32\bin;C:\Program Files (x86)\ESTsoft\ALSee\x64;D:\eclipse;
USERNAME=S
OS=Windows_NT
PROCESSOR_IDENTIFIER=Intel64 Family 6 Model 58 Stepping 9, GenuineIntel



---------------  S Y S T E M  ---------------

OS: Windows 8.1 , 64 bit Build 9600 (6.3.9600.17415)

CPU:total 4 (2 cores per cpu, 2 threads per core) family 6 model 58 stepping 9, cmov, cx8, fxsr, mmx, sse, sse2, sse3, ssse3, sse4.1, sse4.2, popcnt, avx, clmul, erms, ht, tsc, tscinvbit, tscinv

Memory: 4k page, physical 3806752k(326440k free), swap 6952484k(5844k free)

vm_info: Java HotSpot(TM) 64-Bit Server VM (25.60-b23) for windows-amd64 JRE (1.8.0_60-b27), built on Aug  4 2015 11:06:27 by "java_re" with MS VC++ 10.0 (VS2010)

time: Wed Nov 11 02:29:05 2015
elapsed time: 0 seconds (0d 0h 0m 0s)

